<?xml version="1.0" encoding="UTF-8"?>
<!-- Generated by org.testng.reporters.JUnitReportReporter -->
<testsuite skipped="0" hostname="BDC6-DX-9XTK882" name="com.test.NewTest4" tests="1" failures="0" timestamp="17 Jun 2019 08:50:50 GMT" time="12.733" errors="0">
  <testcase name="TestGoogleLink" time="12.733" classname="com.test.NewTest4"/>
</testsuite> <!-- com.test.NewTest4 -->
