<?xml version="1.0" encoding="UTF-8"?>
<!-- Generated by org.testng.reporters.JUnitReportReporter -->
<testsuite skipped="0" hostname="BDC6-DX-9XTK882" name="com.test.NewTest9" tests="1" failures="0" timestamp="18 Jun 2019 07:13:34 GMT" time="1.559" errors="0">
  <testcase name="testreadExcael" time="1.559" classname="com.test.NewTest9"/>
</testsuite> <!-- com.test.NewTest9 -->
