<?xml version="1.0" encoding="UTF-8"?>
<!-- Generated by org.testng.reporters.JUnitReportReporter -->
<testsuite skipped="0" hostname="BDC6-DX-9XTK882" name="com.test.NewTest5" tests="1" failures="0" timestamp="17 Jun 2019 10:09:34 GMT" time="25.502" errors="0">
  <testcase name="Hdfc" time="25.502" classname="com.test.NewTest5"/>
</testsuite> <!-- com.test.NewTest5 -->
