<?xml version="1.0" encoding="UTF-8"?>
<!-- Generated by org.testng.reporters.JUnitReportReporter -->
<testsuite skipped="0" hostname="BDC6-DX-9XTK882" name="com.test.NewTest7" tests="1" failures="0" timestamp="18 Jun 2019 05:16:04 GMT" time="13.513" errors="0">
  <testcase name="testContactInfo" time="13.513" classname="com.test.NewTest7"/>
</testsuite> <!-- com.test.NewTest7 -->
