<?xml version="1.0" encoding="UTF-8"?>
<!-- Generated by org.testng.reporters.JUnitReportReporter -->
<testsuite skipped="0" hostname="BDC6-DX-9XTK882" name="com.test.NewTest6" tests="1" failures="0" timestamp="18 Jun 2019 03:42:49 GMT" time="41.183" errors="0">
  <testcase name="testandDragTest" time="41.183" classname="com.test.NewTest6"/>
</testsuite> <!-- com.test.NewTest6 -->
