<?xml version="1.0" encoding="UTF-8"?>
<!-- Generated by org.testng.reporters.JUnitReportReporter -->
<testsuite skipped="0" hostname="BDC6-DX-9XTK882" name="com.test.NewTest1" tests="1" failures="0" timestamp="13 Jun 2019 07:49:20 GMT" time="12.730" errors="0">
  <testcase name="testGoogleHomePage" time="12.730" classname="com.test.NewTest1"/>
</testsuite> <!-- com.test.NewTest1 -->
